  CPP_SFML_RPG.cpp
  Game.cpp
C:\Users\Dawid\Desktop\SFML_RPG\CPP_SFML_RPG\Game.cpp(9,17): warning C4244: "=": konwersja z "float" do "T", możliwa utrata danych
          with
          [
              T=int
          ]
C:\Users\Dawid\Desktop\SFML_RPG\CPP_SFML_RPG\Game.cpp(10,17): warning C4244: "=": konwersja z "float" do "T", możliwa utrata danych
          with
          [
              T=int
          ]
C:\Users\Dawid\Desktop\SFML_RPG\CPP_SFML_RPG\Game.cpp(182,27): warning C4244: "=": konwersja z "float" do "T", możliwa utrata danych
          with
          [
              T=int
          ]
C:\Users\Dawid\Desktop\SFML_RPG\CPP_SFML_RPG\Game.cpp(188,27): warning C4244: "=": konwersja z "float" do "T", możliwa utrata danych
          with
          [
              T=int
          ]
  Map.cpp
C:\Users\Dawid\Desktop\SFML_RPG\CPP_SFML_RPG\Map.cpp(61,21): warning C4018: "<": niezgodność typu ze znakiem/bez znaku
C:\Users\Dawid\Desktop\SFML_RPG\CPP_SFML_RPG\Map.cpp(110,20): warning C4018: "<": niezgodność typu ze znakiem/bez znaku
C:\Users\Dawid\Desktop\SFML_RPG\CPP_SFML_RPG\Map.cpp(111,21): warning C4018: "<": niezgodność typu ze znakiem/bez znaku
C:\Program Files\Microsoft Visual Studio\2022\Community\VC\Tools\MSVC\14.34.31933\include\memory(3433,56): warning C4244: "argument": konwersja z "int" do "float", możliwa utrata danych
C:\Users\Dawid\Desktop\SFML_RPG\CPP_SFML_RPG\Map.cpp(95,58): message : zobacz odwołanie do kompilowanego tworzenia wystąpienia „std::unique_ptr<Enemy,std::default_delete<Enemy>> std::make_unique<Enemy,int&,int&,0>(int &,int &)” funkcji szablon
  Trwa generowanie kodu
  5 of 385 functions ( 1.3%) were compiled, the rest were copied from previous compilation.
    0 functions were new in current compilation
    3 functions had inline decision re-evaluated but remain unchanged
  Zakończono generowanie kodu
  CPP_SFML_RPG.vcxproj -> C:\Users\Dawid\Desktop\SFML_RPG\CPP_SFML_RPG\Release\CPP_SFML_RPG.exe
