  CPP_SFML_RPG.cpp
  EnemySettings.h
  Game.cpp
C:\Users\magdi\OneDrive\Pulpit\SFML_RPG\CPP_SFML_RPG\PlayerSettings.h(19,1): error C2059: błąd składniowy: „}”
  (kompilowanie pliku źródłowego „CPP_SFML_RPG.cpp”)
  
C:\Users\magdi\OneDrive\Pulpit\SFML_RPG\CPP_SFML_RPG\PlayerSettings.h(19,1): error C2143: błąd składniowy: brakuje „;” przed „}”
  (kompilowanie pliku źródłowego „CPP_SFML_RPG.cpp”)
  
C:\Users\magdi\OneDrive\Pulpit\SFML_RPG\CPP_SFML_RPG\PlayerSettings.h(19,1): error C2059: błąd składniowy: „}”
  (kompilowanie pliku źródłowego „Game.cpp”)
  
C:\Users\magdi\OneDrive\Pulpit\SFML_RPG\CPP_SFML_RPG\PlayerSettings.h(19,1): error C2143: błąd składniowy: brakuje „;” przed „}”
  (kompilowanie pliku źródłowego „Game.cpp”)
  
C:\Users\magdi\OneDrive\Pulpit\SFML_RPG\CPP_SFML_RPG\Game.cpp(8,23): warning C4244: "=": konwersja z "float" do "T", możliwa utrata danych
C:\Users\magdi\OneDrive\Pulpit\SFML_RPG\CPP_SFML_RPG\Game.cpp(8,23): warning C4244:         with
C:\Users\magdi\OneDrive\Pulpit\SFML_RPG\CPP_SFML_RPG\Game.cpp(8,23): warning C4244:         [
C:\Users\magdi\OneDrive\Pulpit\SFML_RPG\CPP_SFML_RPG\Game.cpp(8,23): warning C4244:             T=int
C:\Users\magdi\OneDrive\Pulpit\SFML_RPG\CPP_SFML_RPG\Game.cpp(8,23): warning C4244:         ]
C:\Users\magdi\OneDrive\Pulpit\SFML_RPG\CPP_SFML_RPG\Game.cpp(9,23): warning C4244: "=": konwersja z "float" do "T", możliwa utrata danych
C:\Users\magdi\OneDrive\Pulpit\SFML_RPG\CPP_SFML_RPG\Game.cpp(9,23): warning C4244:         with
C:\Users\magdi\OneDrive\Pulpit\SFML_RPG\CPP_SFML_RPG\Game.cpp(9,23): warning C4244:         [
C:\Users\magdi\OneDrive\Pulpit\SFML_RPG\CPP_SFML_RPG\Game.cpp(9,23): warning C4244:             T=int
C:\Users\magdi\OneDrive\Pulpit\SFML_RPG\CPP_SFML_RPG\Game.cpp(9,23): warning C4244:         ]
C:\Users\magdi\OneDrive\Pulpit\SFML_RPG\CPP_SFML_RPG\Game.cpp(88,33): warning C4244: "=": konwersja z "float" do "T", możliwa utrata danych
C:\Users\magdi\OneDrive\Pulpit\SFML_RPG\CPP_SFML_RPG\Game.cpp(88,33): warning C4244:         with
C:\Users\magdi\OneDrive\Pulpit\SFML_RPG\CPP_SFML_RPG\Game.cpp(88,33): warning C4244:         [
C:\Users\magdi\OneDrive\Pulpit\SFML_RPG\CPP_SFML_RPG\Game.cpp(88,33): warning C4244:             T=int
C:\Users\magdi\OneDrive\Pulpit\SFML_RPG\CPP_SFML_RPG\Game.cpp(88,33): warning C4244:         ]
C:\Users\magdi\OneDrive\Pulpit\SFML_RPG\CPP_SFML_RPG\Game.cpp(94,33): warning C4244: "=": konwersja z "float" do "T", możliwa utrata danych
C:\Users\magdi\OneDrive\Pulpit\SFML_RPG\CPP_SFML_RPG\Game.cpp(94,33): warning C4244:         with
C:\Users\magdi\OneDrive\Pulpit\SFML_RPG\CPP_SFML_RPG\Game.cpp(94,33): warning C4244:         [
C:\Users\magdi\OneDrive\Pulpit\SFML_RPG\CPP_SFML_RPG\Game.cpp(94,33): warning C4244:             T=int
C:\Users\magdi\OneDrive\Pulpit\SFML_RPG\CPP_SFML_RPG\Game.cpp(94,33): warning C4244:         ]
C:\Users\magdi\OneDrive\Pulpit\SFML_RPG\CPP_SFML_RPG\Game.cpp(204,21): warning C4018: "<": niezgodność typu ze znakiem/bez znaku
C:\Users\magdi\OneDrive\Pulpit\SFML_RPG\CPP_SFML_RPG\Game.cpp(214,198): warning C4244: "argument": konwersja z "const T" do "T", możliwa utrata danych
C:\Users\magdi\OneDrive\Pulpit\SFML_RPG\CPP_SFML_RPG\Game.cpp(214,198): warning C4244:         with
C:\Users\magdi\OneDrive\Pulpit\SFML_RPG\CPP_SFML_RPG\Game.cpp(214,198): warning C4244:         [
C:\Users\magdi\OneDrive\Pulpit\SFML_RPG\CPP_SFML_RPG\Game.cpp(214,198): warning C4244:             T=float
C:\Users\magdi\OneDrive\Pulpit\SFML_RPG\CPP_SFML_RPG\Game.cpp(214,198): warning C4244:         ]
C:\Users\magdi\OneDrive\Pulpit\SFML_RPG\CPP_SFML_RPG\Game.cpp(214,198): warning C4244:         and
C:\Users\magdi\OneDrive\Pulpit\SFML_RPG\CPP_SFML_RPG\Game.cpp(214,198): warning C4244:         [
C:\Users\magdi\OneDrive\Pulpit\SFML_RPG\CPP_SFML_RPG\Game.cpp(214,198): warning C4244:             T=int
C:\Users\magdi\OneDrive\Pulpit\SFML_RPG\CPP_SFML_RPG\Game.cpp(214,198): warning C4244:         ]
C:\Users\magdi\OneDrive\Pulpit\SFML_RPG\CPP_SFML_RPG\Game.cpp(214,162): warning C4244: "argument": konwersja z "const T" do "T", możliwa utrata danych
C:\Users\magdi\OneDrive\Pulpit\SFML_RPG\CPP_SFML_RPG\Game.cpp(214,162): warning C4244:         with
C:\Users\magdi\OneDrive\Pulpit\SFML_RPG\CPP_SFML_RPG\Game.cpp(214,162): warning C4244:         [
C:\Users\magdi\OneDrive\Pulpit\SFML_RPG\CPP_SFML_RPG\Game.cpp(214,162): warning C4244:             T=float
C:\Users\magdi\OneDrive\Pulpit\SFML_RPG\CPP_SFML_RPG\Game.cpp(214,162): warning C4244:         ]
C:\Users\magdi\OneDrive\Pulpit\SFML_RPG\CPP_SFML_RPG\Game.cpp(214,162): warning C4244:         and
C:\Users\magdi\OneDrive\Pulpit\SFML_RPG\CPP_SFML_RPG\Game.cpp(214,162): warning C4244:         [
C:\Users\magdi\OneDrive\Pulpit\SFML_RPG\CPP_SFML_RPG\Game.cpp(214,162): warning C4244:             T=int
C:\Users\magdi\OneDrive\Pulpit\SFML_RPG\CPP_SFML_RPG\Game.cpp(214,162): warning C4244:         ]
C:\Users\magdi\OneDrive\Pulpit\SFML_RPG\CPP_SFML_RPG\Game.cpp(222,20): warning C4018: "<": niezgodność typu ze znakiem/bez znaku
  Screens.cpp
C:\Users\magdi\OneDrive\Pulpit\SFML_RPG\CPP_SFML_RPG\PlayerSettings.h(19,1): error C2059: błąd składniowy: „}”
  (kompilowanie pliku źródłowego „Screens.cpp”)
  
C:\Users\magdi\OneDrive\Pulpit\SFML_RPG\CPP_SFML_RPG\PlayerSettings.h(19,1): error C2143: błąd składniowy: brakuje „;” przed „}”
  (kompilowanie pliku źródłowego „Screens.cpp”)
  
C:\Users\magdi\OneDrive\Pulpit\SFML_RPG\CPP_SFML_RPG\Screens.cpp(7,23): warning C4244: "=": konwersja z "float" do "T", możliwa utrata danych
C:\Users\magdi\OneDrive\Pulpit\SFML_RPG\CPP_SFML_RPG\Screens.cpp(7,23): warning C4244:         with
C:\Users\magdi\OneDrive\Pulpit\SFML_RPG\CPP_SFML_RPG\Screens.cpp(7,23): warning C4244:         [
C:\Users\magdi\OneDrive\Pulpit\SFML_RPG\CPP_SFML_RPG\Screens.cpp(7,23): warning C4244:             T=int
C:\Users\magdi\OneDrive\Pulpit\SFML_RPG\CPP_SFML_RPG\Screens.cpp(7,23): warning C4244:         ]
C:\Users\magdi\OneDrive\Pulpit\SFML_RPG\CPP_SFML_RPG\Screens.cpp(8,23): warning C4244: "=": konwersja z "float" do "T", możliwa utrata danych
C:\Users\magdi\OneDrive\Pulpit\SFML_RPG\CPP_SFML_RPG\Screens.cpp(8,23): warning C4244:         with
C:\Users\magdi\OneDrive\Pulpit\SFML_RPG\CPP_SFML_RPG\Screens.cpp(8,23): warning C4244:         [
C:\Users\magdi\OneDrive\Pulpit\SFML_RPG\CPP_SFML_RPG\Screens.cpp(8,23): warning C4244:             T=int
C:\Users\magdi\OneDrive\Pulpit\SFML_RPG\CPP_SFML_RPG\Screens.cpp(8,23): warning C4244:         ]
C:\Users\magdi\OneDrive\Pulpit\SFML_RPG\CPP_SFML_RPG\Screens.cpp(35,8): error C2039: „initGameplaySettings”: nie jest składową elementu „Screens”
  C:\Users\magdi\OneDrive\Pulpit\SFML_RPG\CPP_SFML_RPG\Screens.h(9,7):
  zobacz deklarację „Screens”
  
  SettingsScreen.cpp
C:\Users\magdi\OneDrive\Pulpit\SFML_RPG\CPP_SFML_RPG\PlayerSettings.h(19,1): error C2059: błąd składniowy: „}”
  (kompilowanie pliku źródłowego „SettingsScreen.cpp”)
  
C:\Users\magdi\OneDrive\Pulpit\SFML_RPG\CPP_SFML_RPG\PlayerSettings.h(19,1): error C2143: błąd składniowy: brakuje „;” przed „}”
  (kompilowanie pliku źródłowego „SettingsScreen.cpp”)
  
C:\Users\magdi\OneDrive\Pulpit\SFML_RPG\CPP_SFML_RPG\SettingsScreen.cpp(10,45): warning C4244: "argument": konwersja z "int" do "float", możliwa utrata danych
  TitleScreen.cpp
C:\Users\magdi\OneDrive\Pulpit\SFML_RPG\CPP_SFML_RPG\PlayerSettings.h(19,1): error C2059: błąd składniowy: „}”
  (kompilowanie pliku źródłowego „TitleScreen.cpp”)
  
C:\Users\magdi\OneDrive\Pulpit\SFML_RPG\CPP_SFML_RPG\PlayerSettings.h(19,1): error C2143: błąd składniowy: brakuje „;” przed „}”
  (kompilowanie pliku źródłowego „TitleScreen.cpp”)
  
C:\Users\magdi\OneDrive\Pulpit\SFML_RPG\CPP_SFML_RPG\TitleScreen.cpp(5,47): warning C4244: "argument": konwersja z "int" do "T", możliwa utrata danych
C:\Users\magdi\OneDrive\Pulpit\SFML_RPG\CPP_SFML_RPG\TitleScreen.cpp(5,47): warning C4244:         with
C:\Users\magdi\OneDrive\Pulpit\SFML_RPG\CPP_SFML_RPG\TitleScreen.cpp(5,47): warning C4244:         [
C:\Users\magdi\OneDrive\Pulpit\SFML_RPG\CPP_SFML_RPG\TitleScreen.cpp(5,47): warning C4244:             T=float
C:\Users\magdi\OneDrive\Pulpit\SFML_RPG\CPP_SFML_RPG\TitleScreen.cpp(5,47): warning C4244:         ]
C:\Users\magdi\OneDrive\Pulpit\SFML_RPG\CPP_SFML_RPG\TitleScreen.cpp(5,36): warning C4244: "argument": konwersja z "int" do "T", możliwa utrata danych
C:\Users\magdi\OneDrive\Pulpit\SFML_RPG\CPP_SFML_RPG\TitleScreen.cpp(5,36): warning C4244:         with
C:\Users\magdi\OneDrive\Pulpit\SFML_RPG\CPP_SFML_RPG\TitleScreen.cpp(5,36): warning C4244:         [
C:\Users\magdi\OneDrive\Pulpit\SFML_RPG\CPP_SFML_RPG\TitleScreen.cpp(5,36): warning C4244:             T=float
C:\Users\magdi\OneDrive\Pulpit\SFML_RPG\CPP_SFML_RPG\TitleScreen.cpp(5,36): warning C4244:         ]
C:\Users\magdi\OneDrive\Pulpit\SFML_RPG\CPP_SFML_RPG\TitleScreen.cpp(6,52): warning C4244: "argument": konwersja z "int" do "T", możliwa utrata danych
C:\Users\magdi\OneDrive\Pulpit\SFML_RPG\CPP_SFML_RPG\TitleScreen.cpp(6,52): warning C4244:         with
C:\Users\magdi\OneDrive\Pulpit\SFML_RPG\CPP_SFML_RPG\TitleScreen.cpp(6,52): warning C4244:         [
C:\Users\magdi\OneDrive\Pulpit\SFML_RPG\CPP_SFML_RPG\TitleScreen.cpp(6,52): warning C4244:             T=float
C:\Users\magdi\OneDrive\Pulpit\SFML_RPG\CPP_SFML_RPG\TitleScreen.cpp(6,52): warning C4244:         ]
C:\Users\magdi\OneDrive\Pulpit\SFML_RPG\CPP_SFML_RPG\TitleScreen.cpp(6,40): warning C4244: "argument": konwersja z "int" do "T", możliwa utrata danych
C:\Users\magdi\OneDrive\Pulpit\SFML_RPG\CPP_SFML_RPG\TitleScreen.cpp(6,40): warning C4244:         with
C:\Users\magdi\OneDrive\Pulpit\SFML_RPG\CPP_SFML_RPG\TitleScreen.cpp(6,40): warning C4244:         [
C:\Users\magdi\OneDrive\Pulpit\SFML_RPG\CPP_SFML_RPG\TitleScreen.cpp(6,40): warning C4244:             T=float
C:\Users\magdi\OneDrive\Pulpit\SFML_RPG\CPP_SFML_RPG\TitleScreen.cpp(6,40): warning C4244:         ]
C:\Users\magdi\OneDrive\Pulpit\SFML_RPG\CPP_SFML_RPG\TitleScreen.cpp(7,48): warning C4244: "argument": konwersja z "int" do "T", możliwa utrata danych
C:\Users\magdi\OneDrive\Pulpit\SFML_RPG\CPP_SFML_RPG\TitleScreen.cpp(7,48): warning C4244:         with
C:\Users\magdi\OneDrive\Pulpit\SFML_RPG\CPP_SFML_RPG\TitleScreen.cpp(7,48): warning C4244:         [
C:\Users\magdi\OneDrive\Pulpit\SFML_RPG\CPP_SFML_RPG\TitleScreen.cpp(7,48): warning C4244:             T=float
C:\Users\magdi\OneDrive\Pulpit\SFML_RPG\CPP_SFML_RPG\TitleScreen.cpp(7,48): warning C4244:         ]
C:\Users\magdi\OneDrive\Pulpit\SFML_RPG\CPP_SFML_RPG\TitleScreen.cpp(7,36): warning C4244: "argument": konwersja z "int" do "T", możliwa utrata danych
C:\Users\magdi\OneDrive\Pulpit\SFML_RPG\CPP_SFML_RPG\TitleScreen.cpp(7,36): warning C4244:         with
C:\Users\magdi\OneDrive\Pulpit\SFML_RPG\CPP_SFML_RPG\TitleScreen.cpp(7,36): warning C4244:         [
C:\Users\magdi\OneDrive\Pulpit\SFML_RPG\CPP_SFML_RPG\TitleScreen.cpp(7,36): warning C4244:             T=float
C:\Users\magdi\OneDrive\Pulpit\SFML_RPG\CPP_SFML_RPG\TitleScreen.cpp(7,36): warning C4244:         ]
C:\Users\magdi\OneDrive\Pulpit\SFML_RPG\CPP_SFML_RPG\TitleScreen.cpp(51,83): warning C4244: "argument": konwersja z "T" do "T", możliwa utrata danych
C:\Users\magdi\OneDrive\Pulpit\SFML_RPG\CPP_SFML_RPG\TitleScreen.cpp(51,83): warning C4244:         with
C:\Users\magdi\OneDrive\Pulpit\SFML_RPG\CPP_SFML_RPG\TitleScreen.cpp(51,83): warning C4244:         [
C:\Users\magdi\OneDrive\Pulpit\SFML_RPG\CPP_SFML_RPG\TitleScreen.cpp(51,83): warning C4244:             T=int
C:\Users\magdi\OneDrive\Pulpit\SFML_RPG\CPP_SFML_RPG\TitleScreen.cpp(51,83): warning C4244:         ]
C:\Users\magdi\OneDrive\Pulpit\SFML_RPG\CPP_SFML_RPG\TitleScreen.cpp(51,83): warning C4244:         and
C:\Users\magdi\OneDrive\Pulpit\SFML_RPG\CPP_SFML_RPG\TitleScreen.cpp(51,83): warning C4244:         [
C:\Users\magdi\OneDrive\Pulpit\SFML_RPG\CPP_SFML_RPG\TitleScreen.cpp(51,83): warning C4244:             T=float
C:\Users\magdi\OneDrive\Pulpit\SFML_RPG\CPP_SFML_RPG\TitleScreen.cpp(51,83): warning C4244:         ]
C:\Users\magdi\OneDrive\Pulpit\SFML_RPG\CPP_SFML_RPG\TitleScreen.cpp(51,71): warning C4244: "argument": konwersja z "T" do "T", możliwa utrata danych
C:\Users\magdi\OneDrive\Pulpit\SFML_RPG\CPP_SFML_RPG\TitleScreen.cpp(51,71): warning C4244:         with
C:\Users\magdi\OneDrive\Pulpit\SFML_RPG\CPP_SFML_RPG\TitleScreen.cpp(51,71): warning C4244:         [
C:\Users\magdi\OneDrive\Pulpit\SFML_RPG\CPP_SFML_RPG\TitleScreen.cpp(51,71): warning C4244:             T=int
C:\Users\magdi\OneDrive\Pulpit\SFML_RPG\CPP_SFML_RPG\TitleScreen.cpp(51,71): warning C4244:         ]
C:\Users\magdi\OneDrive\Pulpit\SFML_RPG\CPP_SFML_RPG\TitleScreen.cpp(51,71): warning C4244:         and
C:\Users\magdi\OneDrive\Pulpit\SFML_RPG\CPP_SFML_RPG\TitleScreen.cpp(51,71): warning C4244:         [
C:\Users\magdi\OneDrive\Pulpit\SFML_RPG\CPP_SFML_RPG\TitleScreen.cpp(51,71): warning C4244:             T=float
C:\Users\magdi\OneDrive\Pulpit\SFML_RPG\CPP_SFML_RPG\TitleScreen.cpp(51,71): warning C4244:         ]
C:\Users\magdi\OneDrive\Pulpit\SFML_RPG\CPP_SFML_RPG\TitleScreen.cpp(56,88): warning C4244: "argument": konwersja z "T" do "T", możliwa utrata danych
C:\Users\magdi\OneDrive\Pulpit\SFML_RPG\CPP_SFML_RPG\TitleScreen.cpp(56,88): warning C4244:         with
C:\Users\magdi\OneDrive\Pulpit\SFML_RPG\CPP_SFML_RPG\TitleScreen.cpp(56,88): warning C4244:         [
C:\Users\magdi\OneDrive\Pulpit\SFML_RPG\CPP_SFML_RPG\TitleScreen.cpp(56,88): warning C4244:             T=int
C:\Users\magdi\OneDrive\Pulpit\SFML_RPG\CPP_SFML_RPG\TitleScreen.cpp(56,88): warning C4244:         ]
C:\Users\magdi\OneDrive\Pulpit\SFML_RPG\CPP_SFML_RPG\TitleScreen.cpp(56,88): warning C4244:         and
C:\Users\magdi\OneDrive\Pulpit\SFML_RPG\CPP_SFML_RPG\TitleScreen.cpp(56,88): warning C4244:         [
C:\Users\magdi\OneDrive\Pulpit\SFML_RPG\CPP_SFML_RPG\TitleScreen.cpp(56,88): warning C4244:             T=float
C:\Users\magdi\OneDrive\Pulpit\SFML_RPG\CPP_SFML_RPG\TitleScreen.cpp(56,88): warning C4244:         ]
C:\Users\magdi\OneDrive\Pulpit\SFML_RPG\CPP_SFML_RPG\TitleScreen.cpp(56,76): warning C4244: "argument": konwersja z "T" do "T", możliwa utrata danych
C:\Users\magdi\OneDrive\Pulpit\SFML_RPG\CPP_SFML_RPG\TitleScreen.cpp(56,76): warning C4244:         with
C:\Users\magdi\OneDrive\Pulpit\SFML_RPG\CPP_SFML_RPG\TitleScreen.cpp(56,76): warning C4244:         [
C:\Users\magdi\OneDrive\Pulpit\SFML_RPG\CPP_SFML_RPG\TitleScreen.cpp(56,76): warning C4244:             T=int
C:\Users\magdi\OneDrive\Pulpit\SFML_RPG\CPP_SFML_RPG\TitleScreen.cpp(56,76): warning C4244:         ]
C:\Users\magdi\OneDrive\Pulpit\SFML_RPG\CPP_SFML_RPG\TitleScreen.cpp(56,76): warning C4244:         and
C:\Users\magdi\OneDrive\Pulpit\SFML_RPG\CPP_SFML_RPG\TitleScreen.cpp(56,76): warning C4244:         [
C:\Users\magdi\OneDrive\Pulpit\SFML_RPG\CPP_SFML_RPG\TitleScreen.cpp(56,76): warning C4244:             T=float
C:\Users\magdi\OneDrive\Pulpit\SFML_RPG\CPP_SFML_RPG\TitleScreen.cpp(56,76): warning C4244:         ]
C:\Users\magdi\OneDrive\Pulpit\SFML_RPG\CPP_SFML_RPG\TitleScreen.cpp(60,92): warning C4244: "argument": konwersja z "T" do "T", możliwa utrata danych
C:\Users\magdi\OneDrive\Pulpit\SFML_RPG\CPP_SFML_RPG\TitleScreen.cpp(60,92): warning C4244:         with
C:\Users\magdi\OneDrive\Pulpit\SFML_RPG\CPP_SFML_RPG\TitleScreen.cpp(60,92): warning C4244:         [
C:\Users\magdi\OneDrive\Pulpit\SFML_RPG\CPP_SFML_RPG\TitleScreen.cpp(60,92): warning C4244:             T=int
C:\Users\magdi\OneDrive\Pulpit\SFML_RPG\CPP_SFML_RPG\TitleScreen.cpp(60,92): warning C4244:         ]
C:\Users\magdi\OneDrive\Pulpit\SFML_RPG\CPP_SFML_RPG\TitleScreen.cpp(60,92): warning C4244:         and
C:\Users\magdi\OneDrive\Pulpit\SFML_RPG\CPP_SFML_RPG\TitleScreen.cpp(60,92): warning C4244:         [
C:\Users\magdi\OneDrive\Pulpit\SFML_RPG\CPP_SFML_RPG\TitleScreen.cpp(60,92): warning C4244:             T=float
C:\Users\magdi\OneDrive\Pulpit\SFML_RPG\CPP_SFML_RPG\TitleScreen.cpp(60,92): warning C4244:         ]
C:\Users\magdi\OneDrive\Pulpit\SFML_RPG\CPP_SFML_RPG\TitleScreen.cpp(60,80): warning C4244: "argument": konwersja z "T" do "T", możliwa utrata danych
C:\Users\magdi\OneDrive\Pulpit\SFML_RPG\CPP_SFML_RPG\TitleScreen.cpp(60,80): warning C4244:         with
C:\Users\magdi\OneDrive\Pulpit\SFML_RPG\CPP_SFML_RPG\TitleScreen.cpp(60,80): warning C4244:         [
C:\Users\magdi\OneDrive\Pulpit\SFML_RPG\CPP_SFML_RPG\TitleScreen.cpp(60,80): warning C4244:             T=int
C:\Users\magdi\OneDrive\Pulpit\SFML_RPG\CPP_SFML_RPG\TitleScreen.cpp(60,80): warning C4244:         ]
C:\Users\magdi\OneDrive\Pulpit\SFML_RPG\CPP_SFML_RPG\TitleScreen.cpp(60,80): warning C4244:         and
C:\Users\magdi\OneDrive\Pulpit\SFML_RPG\CPP_SFML_RPG\TitleScreen.cpp(60,80): warning C4244:         [
C:\Users\magdi\OneDrive\Pulpit\SFML_RPG\CPP_SFML_RPG\TitleScreen.cpp(60,80): warning C4244:             T=float
C:\Users\magdi\OneDrive\Pulpit\SFML_RPG\CPP_SFML_RPG\TitleScreen.cpp(60,80): warning C4244:         ]
C:\Users\magdi\OneDrive\Pulpit\SFML_RPG\CPP_SFML_RPG\TitleScreen.cpp(71,22): warning C4018: "<": niezgodność typu ze znakiem/bez znaku
C:\Users\magdi\OneDrive\Pulpit\SFML_RPG\CPP_SFML_RPG\TitleScreen.cpp(72,31): warning C4018: "<": niezgodność typu ze znakiem/bez znaku
C:\Users\magdi\OneDrive\Pulpit\SFML_RPG\CPP_SFML_RPG\TitleScreen.cpp(72,93): warning C4244: "+=": konwersja z "float" do "int", możliwa utrata danych
C:\Users\magdi\OneDrive\Pulpit\SFML_RPG\CPP_SFML_RPG\TitleScreen.cpp(74,55): warning C4244: "argument": konwersja z "int" do "float", możliwa utrata danych
C:\Users\magdi\OneDrive\Pulpit\SFML_RPG\CPP_SFML_RPG\TitleScreen.cpp(74,52): warning C4244: "argument": konwersja z "int" do "float", możliwa utrata danych
C:\Users\magdi\OneDrive\Pulpit\SFML_RPG\CPP_SFML_RPG\TitleScreen.cpp(128,44): error C2512: "SettingsScreen::SettingsScreen": niedostępny odpowiedni konstruktor domyślny
  C:\Users\magdi\OneDrive\Pulpit\SFML_RPG\CPP_SFML_RPG\TitleScreen.cpp(128,44):
  podczas próby dopasowania listy argumentów "()"
  
C:\Users\magdi\OneDrive\Pulpit\SFML_RPG\CPP_SFML_RPG\TitleScreen.cpp(129,1): error C2143: błąd składniowy: brakuje „;” przed „}”
  Generowanie kodu...
