  CPP_SFML_RPG.cpp
  Enemy.cpp
  Game.cpp
C:\Users\magdi\OneDrive\Pulpit\SFML_RPG\CPP_SFML_RPG\Game.cpp(8,23): warning C4244: "=": konwersja z "float" do "T", możliwa utrata danych
C:\Users\magdi\OneDrive\Pulpit\SFML_RPG\CPP_SFML_RPG\Game.cpp(8,23): warning C4244:         with
C:\Users\magdi\OneDrive\Pulpit\SFML_RPG\CPP_SFML_RPG\Game.cpp(8,23): warning C4244:         [
C:\Users\magdi\OneDrive\Pulpit\SFML_RPG\CPP_SFML_RPG\Game.cpp(8,23): warning C4244:             T=int
C:\Users\magdi\OneDrive\Pulpit\SFML_RPG\CPP_SFML_RPG\Game.cpp(8,23): warning C4244:         ]
C:\Users\magdi\OneDrive\Pulpit\SFML_RPG\CPP_SFML_RPG\Game.cpp(9,23): warning C4244: "=": konwersja z "float" do "T", możliwa utrata danych
C:\Users\magdi\OneDrive\Pulpit\SFML_RPG\CPP_SFML_RPG\Game.cpp(9,23): warning C4244:         with
C:\Users\magdi\OneDrive\Pulpit\SFML_RPG\CPP_SFML_RPG\Game.cpp(9,23): warning C4244:         [
C:\Users\magdi\OneDrive\Pulpit\SFML_RPG\CPP_SFML_RPG\Game.cpp(9,23): warning C4244:             T=int
C:\Users\magdi\OneDrive\Pulpit\SFML_RPG\CPP_SFML_RPG\Game.cpp(9,23): warning C4244:         ]
C:\Users\magdi\OneDrive\Pulpit\SFML_RPG\CPP_SFML_RPG\Game.cpp(89,33): warning C4244: "=": konwersja z "float" do "T", możliwa utrata danych
C:\Users\magdi\OneDrive\Pulpit\SFML_RPG\CPP_SFML_RPG\Game.cpp(89,33): warning C4244:         with
C:\Users\magdi\OneDrive\Pulpit\SFML_RPG\CPP_SFML_RPG\Game.cpp(89,33): warning C4244:         [
C:\Users\magdi\OneDrive\Pulpit\SFML_RPG\CPP_SFML_RPG\Game.cpp(89,33): warning C4244:             T=int
C:\Users\magdi\OneDrive\Pulpit\SFML_RPG\CPP_SFML_RPG\Game.cpp(89,33): warning C4244:         ]
C:\Users\magdi\OneDrive\Pulpit\SFML_RPG\CPP_SFML_RPG\Game.cpp(95,33): warning C4244: "=": konwersja z "float" do "T", możliwa utrata danych
C:\Users\magdi\OneDrive\Pulpit\SFML_RPG\CPP_SFML_RPG\Game.cpp(95,33): warning C4244:         with
C:\Users\magdi\OneDrive\Pulpit\SFML_RPG\CPP_SFML_RPG\Game.cpp(95,33): warning C4244:         [
C:\Users\magdi\OneDrive\Pulpit\SFML_RPG\CPP_SFML_RPG\Game.cpp(95,33): warning C4244:             T=int
C:\Users\magdi\OneDrive\Pulpit\SFML_RPG\CPP_SFML_RPG\Game.cpp(95,33): warning C4244:         ]
C:\Users\magdi\OneDrive\Pulpit\SFML_RPG\CPP_SFML_RPG\Game.cpp(154,44): warning C4244: "argument": konwersja z "float" do "int", możliwa utrata danych
C:\Users\magdi\OneDrive\Pulpit\SFML_RPG\CPP_SFML_RPG\Game.cpp(205,21): warning C4018: "<": niezgodność typu ze znakiem/bez znaku
C:\Users\magdi\OneDrive\Pulpit\SFML_RPG\CPP_SFML_RPG\Game.cpp(215,198): warning C4244: "argument": konwersja z "const T" do "T", możliwa utrata danych
C:\Users\magdi\OneDrive\Pulpit\SFML_RPG\CPP_SFML_RPG\Game.cpp(215,198): warning C4244:         with
C:\Users\magdi\OneDrive\Pulpit\SFML_RPG\CPP_SFML_RPG\Game.cpp(215,198): warning C4244:         [
C:\Users\magdi\OneDrive\Pulpit\SFML_RPG\CPP_SFML_RPG\Game.cpp(215,198): warning C4244:             T=float
C:\Users\magdi\OneDrive\Pulpit\SFML_RPG\CPP_SFML_RPG\Game.cpp(215,198): warning C4244:         ]
C:\Users\magdi\OneDrive\Pulpit\SFML_RPG\CPP_SFML_RPG\Game.cpp(215,198): warning C4244:         and
C:\Users\magdi\OneDrive\Pulpit\SFML_RPG\CPP_SFML_RPG\Game.cpp(215,198): warning C4244:         [
C:\Users\magdi\OneDrive\Pulpit\SFML_RPG\CPP_SFML_RPG\Game.cpp(215,198): warning C4244:             T=int
C:\Users\magdi\OneDrive\Pulpit\SFML_RPG\CPP_SFML_RPG\Game.cpp(215,198): warning C4244:         ]
C:\Users\magdi\OneDrive\Pulpit\SFML_RPG\CPP_SFML_RPG\Game.cpp(215,162): warning C4244: "argument": konwersja z "const T" do "T", możliwa utrata danych
C:\Users\magdi\OneDrive\Pulpit\SFML_RPG\CPP_SFML_RPG\Game.cpp(215,162): warning C4244:         with
C:\Users\magdi\OneDrive\Pulpit\SFML_RPG\CPP_SFML_RPG\Game.cpp(215,162): warning C4244:         [
C:\Users\magdi\OneDrive\Pulpit\SFML_RPG\CPP_SFML_RPG\Game.cpp(215,162): warning C4244:             T=float
C:\Users\magdi\OneDrive\Pulpit\SFML_RPG\CPP_SFML_RPG\Game.cpp(215,162): warning C4244:         ]
C:\Users\magdi\OneDrive\Pulpit\SFML_RPG\CPP_SFML_RPG\Game.cpp(215,162): warning C4244:         and
C:\Users\magdi\OneDrive\Pulpit\SFML_RPG\CPP_SFML_RPG\Game.cpp(215,162): warning C4244:         [
C:\Users\magdi\OneDrive\Pulpit\SFML_RPG\CPP_SFML_RPG\Game.cpp(215,162): warning C4244:             T=int
C:\Users\magdi\OneDrive\Pulpit\SFML_RPG\CPP_SFML_RPG\Game.cpp(215,162): warning C4244:         ]
C:\Users\magdi\OneDrive\Pulpit\SFML_RPG\CPP_SFML_RPG\Game.cpp(223,20): warning C4018: "<": niezgodność typu ze znakiem/bez znaku
  Map.cpp
C:\Users\magdi\OneDrive\Pulpit\SFML_RPG\CPP_SFML_RPG\Map.cpp(73,17): warning C4244: "=": konwersja z "int" do "float", możliwa utrata danych
C:\Users\magdi\OneDrive\Pulpit\SFML_RPG\CPP_SFML_RPG\Map.cpp(74,17): warning C4244: "=": konwersja z "int" do "float", możliwa utrata danych
C:\Users\magdi\OneDrive\Pulpit\SFML_RPG\CPP_SFML_RPG\Map.cpp(97,20): warning C4018: "<": niezgodność typu ze znakiem/bez znaku
C:\Users\magdi\OneDrive\Pulpit\SFML_RPG\CPP_SFML_RPG\Map.cpp(99,21): warning C4018: "<": niezgodność typu ze znakiem/bez znaku
C:\Users\magdi\OneDrive\Pulpit\SFML_RPG\CPP_SFML_RPG\Map.cpp(115,20): warning C4018: "<": niezgodność typu ze znakiem/bez znaku
C:\Users\magdi\OneDrive\Pulpit\SFML_RPG\CPP_SFML_RPG\Map.cpp(133,13): warning C4018: "<": niezgodność typu ze znakiem/bez znaku
C:\Users\magdi\OneDrive\Pulpit\SFML_RPG\CPP_SFML_RPG\Map.cpp(146,20): warning C4018: "<": niezgodność typu ze znakiem/bez znaku
C:\Users\magdi\OneDrive\Pulpit\SFML_RPG\CPP_SFML_RPG\Map.cpp(150,21): warning C4018: "<": niezgodność typu ze znakiem/bez znaku
C:\Users\magdi\OneDrive\Pulpit\SFML_RPG\CPP_SFML_RPG\Map.cpp(193,21): warning C4018: "<": niezgodność typu ze znakiem/bez znaku
  Screens.cpp
C:\Users\magdi\OneDrive\Pulpit\SFML_RPG\CPP_SFML_RPG\Screens.cpp(7,23): warning C4244: "=": konwersja z "float" do "T", możliwa utrata danych
C:\Users\magdi\OneDrive\Pulpit\SFML_RPG\CPP_SFML_RPG\Screens.cpp(7,23): warning C4244:         with
C:\Users\magdi\OneDrive\Pulpit\SFML_RPG\CPP_SFML_RPG\Screens.cpp(7,23): warning C4244:         [
C:\Users\magdi\OneDrive\Pulpit\SFML_RPG\CPP_SFML_RPG\Screens.cpp(7,23): warning C4244:             T=int
C:\Users\magdi\OneDrive\Pulpit\SFML_RPG\CPP_SFML_RPG\Screens.cpp(7,23): warning C4244:         ]
C:\Users\magdi\OneDrive\Pulpit\SFML_RPG\CPP_SFML_RPG\Screens.cpp(8,23): warning C4244: "=": konwersja z "float" do "T", możliwa utrata danych
C:\Users\magdi\OneDrive\Pulpit\SFML_RPG\CPP_SFML_RPG\Screens.cpp(8,23): warning C4244:         with
C:\Users\magdi\OneDrive\Pulpit\SFML_RPG\CPP_SFML_RPG\Screens.cpp(8,23): warning C4244:         [
C:\Users\magdi\OneDrive\Pulpit\SFML_RPG\CPP_SFML_RPG\Screens.cpp(8,23): warning C4244:             T=int
C:\Users\magdi\OneDrive\Pulpit\SFML_RPG\CPP_SFML_RPG\Screens.cpp(8,23): warning C4244:         ]
  TitleScreen.cpp
C:\Users\magdi\OneDrive\Pulpit\SFML_RPG\CPP_SFML_RPG\TitleScreen.cpp(5,47): warning C4244: "argument": konwersja z "int" do "T", możliwa utrata danych
C:\Users\magdi\OneDrive\Pulpit\SFML_RPG\CPP_SFML_RPG\TitleScreen.cpp(5,47): warning C4244:         with
C:\Users\magdi\OneDrive\Pulpit\SFML_RPG\CPP_SFML_RPG\TitleScreen.cpp(5,47): warning C4244:         [
C:\Users\magdi\OneDrive\Pulpit\SFML_RPG\CPP_SFML_RPG\TitleScreen.cpp(5,47): warning C4244:             T=float
C:\Users\magdi\OneDrive\Pulpit\SFML_RPG\CPP_SFML_RPG\TitleScreen.cpp(5,47): warning C4244:         ]
C:\Users\magdi\OneDrive\Pulpit\SFML_RPG\CPP_SFML_RPG\TitleScreen.cpp(5,36): warning C4244: "argument": konwersja z "int" do "T", możliwa utrata danych
C:\Users\magdi\OneDrive\Pulpit\SFML_RPG\CPP_SFML_RPG\TitleScreen.cpp(5,36): warning C4244:         with
C:\Users\magdi\OneDrive\Pulpit\SFML_RPG\CPP_SFML_RPG\TitleScreen.cpp(5,36): warning C4244:         [
C:\Users\magdi\OneDrive\Pulpit\SFML_RPG\CPP_SFML_RPG\TitleScreen.cpp(5,36): warning C4244:             T=float
C:\Users\magdi\OneDrive\Pulpit\SFML_RPG\CPP_SFML_RPG\TitleScreen.cpp(5,36): warning C4244:         ]
C:\Users\magdi\OneDrive\Pulpit\SFML_RPG\CPP_SFML_RPG\TitleScreen.cpp(6,52): warning C4244: "argument": konwersja z "int" do "T", możliwa utrata danych
C:\Users\magdi\OneDrive\Pulpit\SFML_RPG\CPP_SFML_RPG\TitleScreen.cpp(6,52): warning C4244:         with
C:\Users\magdi\OneDrive\Pulpit\SFML_RPG\CPP_SFML_RPG\TitleScreen.cpp(6,52): warning C4244:         [
C:\Users\magdi\OneDrive\Pulpit\SFML_RPG\CPP_SFML_RPG\TitleScreen.cpp(6,52): warning C4244:             T=float
C:\Users\magdi\OneDrive\Pulpit\SFML_RPG\CPP_SFML_RPG\TitleScreen.cpp(6,52): warning C4244:         ]
C:\Users\magdi\OneDrive\Pulpit\SFML_RPG\CPP_SFML_RPG\TitleScreen.cpp(6,40): warning C4244: "argument": konwersja z "int" do "T", możliwa utrata danych
C:\Users\magdi\OneDrive\Pulpit\SFML_RPG\CPP_SFML_RPG\TitleScreen.cpp(6,40): warning C4244:         with
C:\Users\magdi\OneDrive\Pulpit\SFML_RPG\CPP_SFML_RPG\TitleScreen.cpp(6,40): warning C4244:         [
C:\Users\magdi\OneDrive\Pulpit\SFML_RPG\CPP_SFML_RPG\TitleScreen.cpp(6,40): warning C4244:             T=float
C:\Users\magdi\OneDrive\Pulpit\SFML_RPG\CPP_SFML_RPG\TitleScreen.cpp(6,40): warning C4244:         ]
C:\Users\magdi\OneDrive\Pulpit\SFML_RPG\CPP_SFML_RPG\TitleScreen.cpp(7,48): warning C4244: "argument": konwersja z "int" do "T", możliwa utrata danych
C:\Users\magdi\OneDrive\Pulpit\SFML_RPG\CPP_SFML_RPG\TitleScreen.cpp(7,48): warning C4244:         with
C:\Users\magdi\OneDrive\Pulpit\SFML_RPG\CPP_SFML_RPG\TitleScreen.cpp(7,48): warning C4244:         [
C:\Users\magdi\OneDrive\Pulpit\SFML_RPG\CPP_SFML_RPG\TitleScreen.cpp(7,48): warning C4244:             T=float
C:\Users\magdi\OneDrive\Pulpit\SFML_RPG\CPP_SFML_RPG\TitleScreen.cpp(7,48): warning C4244:         ]
C:\Users\magdi\OneDrive\Pulpit\SFML_RPG\CPP_SFML_RPG\TitleScreen.cpp(7,36): warning C4244: "argument": konwersja z "int" do "T", możliwa utrata danych
C:\Users\magdi\OneDrive\Pulpit\SFML_RPG\CPP_SFML_RPG\TitleScreen.cpp(7,36): warning C4244:         with
C:\Users\magdi\OneDrive\Pulpit\SFML_RPG\CPP_SFML_RPG\TitleScreen.cpp(7,36): warning C4244:         [
C:\Users\magdi\OneDrive\Pulpit\SFML_RPG\CPP_SFML_RPG\TitleScreen.cpp(7,36): warning C4244:             T=float
C:\Users\magdi\OneDrive\Pulpit\SFML_RPG\CPP_SFML_RPG\TitleScreen.cpp(7,36): warning C4244:         ]
C:\Users\magdi\OneDrive\Pulpit\SFML_RPG\CPP_SFML_RPG\TitleScreen.cpp(52,83): warning C4244: "argument": konwersja z "T" do "T", możliwa utrata danych
C:\Users\magdi\OneDrive\Pulpit\SFML_RPG\CPP_SFML_RPG\TitleScreen.cpp(52,83): warning C4244:         with
C:\Users\magdi\OneDrive\Pulpit\SFML_RPG\CPP_SFML_RPG\TitleScreen.cpp(52,83): warning C4244:         [
C:\Users\magdi\OneDrive\Pulpit\SFML_RPG\CPP_SFML_RPG\TitleScreen.cpp(52,83): warning C4244:             T=int
C:\Users\magdi\OneDrive\Pulpit\SFML_RPG\CPP_SFML_RPG\TitleScreen.cpp(52,83): warning C4244:         ]
C:\Users\magdi\OneDrive\Pulpit\SFML_RPG\CPP_SFML_RPG\TitleScreen.cpp(52,83): warning C4244:         and
C:\Users\magdi\OneDrive\Pulpit\SFML_RPG\CPP_SFML_RPG\TitleScreen.cpp(52,83): warning C4244:         [
C:\Users\magdi\OneDrive\Pulpit\SFML_RPG\CPP_SFML_RPG\TitleScreen.cpp(52,83): warning C4244:             T=float
C:\Users\magdi\OneDrive\Pulpit\SFML_RPG\CPP_SFML_RPG\TitleScreen.cpp(52,83): warning C4244:         ]
C:\Users\magdi\OneDrive\Pulpit\SFML_RPG\CPP_SFML_RPG\TitleScreen.cpp(52,71): warning C4244: "argument": konwersja z "T" do "T", możliwa utrata danych
C:\Users\magdi\OneDrive\Pulpit\SFML_RPG\CPP_SFML_RPG\TitleScreen.cpp(52,71): warning C4244:         with
C:\Users\magdi\OneDrive\Pulpit\SFML_RPG\CPP_SFML_RPG\TitleScreen.cpp(52,71): warning C4244:         [
C:\Users\magdi\OneDrive\Pulpit\SFML_RPG\CPP_SFML_RPG\TitleScreen.cpp(52,71): warning C4244:             T=int
C:\Users\magdi\OneDrive\Pulpit\SFML_RPG\CPP_SFML_RPG\TitleScreen.cpp(52,71): warning C4244:         ]
C:\Users\magdi\OneDrive\Pulpit\SFML_RPG\CPP_SFML_RPG\TitleScreen.cpp(52,71): warning C4244:         and
C:\Users\magdi\OneDrive\Pulpit\SFML_RPG\CPP_SFML_RPG\TitleScreen.cpp(52,71): warning C4244:         [
C:\Users\magdi\OneDrive\Pulpit\SFML_RPG\CPP_SFML_RPG\TitleScreen.cpp(52,71): warning C4244:             T=float
C:\Users\magdi\OneDrive\Pulpit\SFML_RPG\CPP_SFML_RPG\TitleScreen.cpp(52,71): warning C4244:         ]
C:\Users\magdi\OneDrive\Pulpit\SFML_RPG\CPP_SFML_RPG\TitleScreen.cpp(58,88): warning C4244: "argument": konwersja z "T" do "T", możliwa utrata danych
C:\Users\magdi\OneDrive\Pulpit\SFML_RPG\CPP_SFML_RPG\TitleScreen.cpp(58,88): warning C4244:         with
C:\Users\magdi\OneDrive\Pulpit\SFML_RPG\CPP_SFML_RPG\TitleScreen.cpp(58,88): warning C4244:         [
C:\Users\magdi\OneDrive\Pulpit\SFML_RPG\CPP_SFML_RPG\TitleScreen.cpp(58,88): warning C4244:             T=int
C:\Users\magdi\OneDrive\Pulpit\SFML_RPG\CPP_SFML_RPG\TitleScreen.cpp(58,88): warning C4244:         ]
C:\Users\magdi\OneDrive\Pulpit\SFML_RPG\CPP_SFML_RPG\TitleScreen.cpp(58,88): warning C4244:         and
C:\Users\magdi\OneDrive\Pulpit\SFML_RPG\CPP_SFML_RPG\TitleScreen.cpp(58,88): warning C4244:         [
C:\Users\magdi\OneDrive\Pulpit\SFML_RPG\CPP_SFML_RPG\TitleScreen.cpp(58,88): warning C4244:             T=float
C:\Users\magdi\OneDrive\Pulpit\SFML_RPG\CPP_SFML_RPG\TitleScreen.cpp(58,88): warning C4244:         ]
C:\Users\magdi\OneDrive\Pulpit\SFML_RPG\CPP_SFML_RPG\TitleScreen.cpp(58,76): warning C4244: "argument": konwersja z "T" do "T", możliwa utrata danych
C:\Users\magdi\OneDrive\Pulpit\SFML_RPG\CPP_SFML_RPG\TitleScreen.cpp(58,76): warning C4244:         with
C:\Users\magdi\OneDrive\Pulpit\SFML_RPG\CPP_SFML_RPG\TitleScreen.cpp(58,76): warning C4244:         [
C:\Users\magdi\OneDrive\Pulpit\SFML_RPG\CPP_SFML_RPG\TitleScreen.cpp(58,76): warning C4244:             T=int
C:\Users\magdi\OneDrive\Pulpit\SFML_RPG\CPP_SFML_RPG\TitleScreen.cpp(58,76): warning C4244:         ]
C:\Users\magdi\OneDrive\Pulpit\SFML_RPG\CPP_SFML_RPG\TitleScreen.cpp(58,76): warning C4244:         and
C:\Users\magdi\OneDrive\Pulpit\SFML_RPG\CPP_SFML_RPG\TitleScreen.cpp(58,76): warning C4244:         [
C:\Users\magdi\OneDrive\Pulpit\SFML_RPG\CPP_SFML_RPG\TitleScreen.cpp(58,76): warning C4244:             T=float
C:\Users\magdi\OneDrive\Pulpit\SFML_RPG\CPP_SFML_RPG\TitleScreen.cpp(58,76): warning C4244:         ]
C:\Users\magdi\OneDrive\Pulpit\SFML_RPG\CPP_SFML_RPG\TitleScreen.cpp(62,92): warning C4244: "argument": konwersja z "T" do "T", możliwa utrata danych
C:\Users\magdi\OneDrive\Pulpit\SFML_RPG\CPP_SFML_RPG\TitleScreen.cpp(62,92): warning C4244:         with
C:\Users\magdi\OneDrive\Pulpit\SFML_RPG\CPP_SFML_RPG\TitleScreen.cpp(62,92): warning C4244:         [
C:\Users\magdi\OneDrive\Pulpit\SFML_RPG\CPP_SFML_RPG\TitleScreen.cpp(62,92): warning C4244:             T=int
C:\Users\magdi\OneDrive\Pulpit\SFML_RPG\CPP_SFML_RPG\TitleScreen.cpp(62,92): warning C4244:         ]
C:\Users\magdi\OneDrive\Pulpit\SFML_RPG\CPP_SFML_RPG\TitleScreen.cpp(62,92): warning C4244:         and
C:\Users\magdi\OneDrive\Pulpit\SFML_RPG\CPP_SFML_RPG\TitleScreen.cpp(62,92): warning C4244:         [
C:\Users\magdi\OneDrive\Pulpit\SFML_RPG\CPP_SFML_RPG\TitleScreen.cpp(62,92): warning C4244:             T=float
C:\Users\magdi\OneDrive\Pulpit\SFML_RPG\CPP_SFML_RPG\TitleScreen.cpp(62,92): warning C4244:         ]
C:\Users\magdi\OneDrive\Pulpit\SFML_RPG\CPP_SFML_RPG\TitleScreen.cpp(62,80): warning C4244: "argument": konwersja z "T" do "T", możliwa utrata danych
C:\Users\magdi\OneDrive\Pulpit\SFML_RPG\CPP_SFML_RPG\TitleScreen.cpp(62,80): warning C4244:         with
C:\Users\magdi\OneDrive\Pulpit\SFML_RPG\CPP_SFML_RPG\TitleScreen.cpp(62,80): warning C4244:         [
C:\Users\magdi\OneDrive\Pulpit\SFML_RPG\CPP_SFML_RPG\TitleScreen.cpp(62,80): warning C4244:             T=int
C:\Users\magdi\OneDrive\Pulpit\SFML_RPG\CPP_SFML_RPG\TitleScreen.cpp(62,80): warning C4244:         ]
C:\Users\magdi\OneDrive\Pulpit\SFML_RPG\CPP_SFML_RPG\TitleScreen.cpp(62,80): warning C4244:         and
C:\Users\magdi\OneDrive\Pulpit\SFML_RPG\CPP_SFML_RPG\TitleScreen.cpp(62,80): warning C4244:         [
C:\Users\magdi\OneDrive\Pulpit\SFML_RPG\CPP_SFML_RPG\TitleScreen.cpp(62,80): warning C4244:             T=float
C:\Users\magdi\OneDrive\Pulpit\SFML_RPG\CPP_SFML_RPG\TitleScreen.cpp(62,80): warning C4244:         ]
C:\Users\magdi\OneDrive\Pulpit\SFML_RPG\CPP_SFML_RPG\TitleScreen.cpp(75,22): warning C4018: "<": niezgodność typu ze znakiem/bez znaku
C:\Users\magdi\OneDrive\Pulpit\SFML_RPG\CPP_SFML_RPG\TitleScreen.cpp(76,31): warning C4018: "<": niezgodność typu ze znakiem/bez znaku
C:\Users\magdi\OneDrive\Pulpit\SFML_RPG\CPP_SFML_RPG\TitleScreen.cpp(76,93): warning C4244: "+=": konwersja z "float" do "int", możliwa utrata danych
C:\Users\magdi\OneDrive\Pulpit\SFML_RPG\CPP_SFML_RPG\TitleScreen.cpp(78,55): warning C4244: "argument": konwersja z "int" do "float", możliwa utrata danych
C:\Users\magdi\OneDrive\Pulpit\SFML_RPG\CPP_SFML_RPG\TitleScreen.cpp(78,52): warning C4244: "argument": konwersja z "int" do "float", możliwa utrata danych
  Trwa generowanie kodu
  7 of 474 functions ( 1.5%) were compiled, the rest were copied from previous compilation.
    1 functions were new in current compilation
    2 functions had inline decision re-evaluated but remain unchanged
  Zakończono generowanie kodu
  CPP_SFML_RPG.vcxproj -> C:\Users\magdi\OneDrive\Pulpit\SFML_RPG\CPP_SFML_RPG\Release\CPP_SFML_RPG.exe
