  TitleScreen.cpp
C:\Users\Dawid\Desktop\SFML_RPG\CPP_SFML_RPG\TitleScreen.cpp(5,47): warning C4244: "argument": konwersja z "int" do "T", możliwa utrata danych
          with
          [
              T=float
          ]
C:\Users\Dawid\Desktop\SFML_RPG\CPP_SFML_RPG\TitleScreen.cpp(5,36): warning C4244: "argument": konwersja z "int" do "T", możliwa utrata danych
          with
          [
              T=float
          ]
C:\Users\Dawid\Desktop\SFML_RPG\CPP_SFML_RPG\TitleScreen.cpp(6,52): warning C4244: "argument": konwersja z "int" do "T", możliwa utrata danych
          with
          [
              T=float
          ]
C:\Users\Dawid\Desktop\SFML_RPG\CPP_SFML_RPG\TitleScreen.cpp(6,40): warning C4244: "argument": konwersja z "int" do "T", możliwa utrata danych
          with
          [
              T=float
          ]
C:\Users\Dawid\Desktop\SFML_RPG\CPP_SFML_RPG\TitleScreen.cpp(7,48): warning C4244: "argument": konwersja z "int" do "T", możliwa utrata danych
          with
          [
              T=float
          ]
C:\Users\Dawid\Desktop\SFML_RPG\CPP_SFML_RPG\TitleScreen.cpp(7,36): warning C4244: "argument": konwersja z "int" do "T", możliwa utrata danych
          with
          [
              T=float
          ]
C:\Users\Dawid\Desktop\SFML_RPG\CPP_SFML_RPG\TitleScreen.cpp(51,83): warning C4244: "argument": konwersja z "T" do "T", możliwa utrata danych
          with
          [
              T=int
          ]
          and
          [
              T=float
          ]
C:\Users\Dawid\Desktop\SFML_RPG\CPP_SFML_RPG\TitleScreen.cpp(51,71): warning C4244: "argument": konwersja z "T" do "T", możliwa utrata danych
          with
          [
              T=int
          ]
          and
          [
              T=float
          ]
C:\Users\Dawid\Desktop\SFML_RPG\CPP_SFML_RPG\TitleScreen.cpp(56,88): warning C4244: "argument": konwersja z "T" do "T", możliwa utrata danych
          with
          [
              T=int
          ]
          and
          [
              T=float
          ]
C:\Users\Dawid\Desktop\SFML_RPG\CPP_SFML_RPG\TitleScreen.cpp(56,76): warning C4244: "argument": konwersja z "T" do "T", możliwa utrata danych
          with
          [
              T=int
          ]
          and
          [
              T=float
          ]
C:\Users\Dawid\Desktop\SFML_RPG\CPP_SFML_RPG\TitleScreen.cpp(60,92): warning C4244: "argument": konwersja z "T" do "T", możliwa utrata danych
          with
          [
              T=int
          ]
          and
          [
              T=float
          ]
C:\Users\Dawid\Desktop\SFML_RPG\CPP_SFML_RPG\TitleScreen.cpp(60,80): warning C4244: "argument": konwersja z "T" do "T", możliwa utrata danych
          with
          [
              T=int
          ]
          and
          [
              T=float
          ]
C:\Users\Dawid\Desktop\SFML_RPG\CPP_SFML_RPG\TitleScreen.cpp(71,22): warning C4018: "<": niezgodność typu ze znakiem/bez znaku
C:\Users\Dawid\Desktop\SFML_RPG\CPP_SFML_RPG\TitleScreen.cpp(72,31): warning C4018: "<": niezgodność typu ze znakiem/bez znaku
C:\Users\Dawid\Desktop\SFML_RPG\CPP_SFML_RPG\TitleScreen.cpp(72,93): warning C4244: "+=": konwersja z "float" do "int", możliwa utrata danych
C:\Users\Dawid\Desktop\SFML_RPG\CPP_SFML_RPG\TitleScreen.cpp(74,55): warning C4244: "argument": konwersja z "int" do "float", możliwa utrata danych
C:\Users\Dawid\Desktop\SFML_RPG\CPP_SFML_RPG\TitleScreen.cpp(74,52): warning C4244: "argument": konwersja z "int" do "float", możliwa utrata danych
  CPP_SFML_RPG.vcxproj -> C:\Users\Dawid\Desktop\SFML_RPG\CPP_SFML_RPG\Debug\CPP_SFML_RPG.exe
